<?xml version="1.0" encoding="UTF-8"?>
<!-- Generated by org.testng.reporters.JUnitXMLReporter -->
<testsuite hostname="AFSWWWMJNT957O" ignored="0" name="Default test" tests="4" failures="0" timestamp="31 May 2019 20:56:17 GMT" time="11.775" errors="0">
  <testcase name="login" time="1.694" classname="com.meeting.frontend.WebAppTest"/>
  <testcase name="createMeeting" time="1.887" classname="com.meeting.frontend.WebAppTest"/>
  <testcase name="updateMeeting" time="2.325" classname="com.meeting.frontend.WebAppTest"/>
  <testcase name="deleteMeeting" time="1.37" classname="com.meeting.frontend.WebAppTest"/>
</testsuite> <!-- Default test -->
