<?xml version="1.0" encoding="UTF-8"?>
<!-- Generated by org.testng.reporters.JUnitXMLReporter -->
<testsuite hostname="AFSWWWMJNT957O" ignored="0" name="Default test" tests="4" failures="0" timestamp="23 May 2019 20:58:52 GMT" time="1.338" errors="0">
  <testcase name="deleteByIdNegative" time="0.07" classname="com.meeting.service.MeetingServiceTest"/>
  <testcase name="deleteByIdPositive" time="0.005" classname="com.meeting.service.MeetingServiceTest"/>
  <testcase name="findByIdNegative" time="0.01" classname="com.meeting.service.MeetingServiceTest"/>
  <testcase name="findByIdPositive" time="0.004" classname="com.meeting.service.MeetingServiceTest"/>
</testsuite> <!-- Default test -->
