<?xml version="1.0" encoding="UTF-8"?>
<!-- Generated by org.testng.reporters.JUnitXMLReporter -->
<testsuite hostname="AFSWWWMJNT957O" ignored="0" name="test.meeting.frontend" tests="5" failures="0" timestamp="04 Jun 2019 18:22:17 GMT" time="13.228" errors="0">
  <testcase name="loginFail" time="0.438" classname="test.meeting.frontend.LoginTest"/>
  <testcase name="createMeeting" time="1.631" classname="test.meeting.frontend.MeetingTest"/>
  <testcase name="loginPass" time="0.899" classname="test.meeting.frontend.LoginTest"/>
  <testcase name="updateMeeting" time="1.536" classname="test.meeting.frontend.MeetingTest"/>
  <testcase name="deleteMeeting" time="0.541" classname="test.meeting.frontend.MeetingTest"/>
</testsuite> <!-- test.meeting.frontend -->
