<?xml version="1.0" encoding="UTF-8"?>
<!-- Generated by org.testng.reporters.JUnitXMLReporter -->
<testsuite hostname="AFSWWWMJNT957O" ignored="0" name="test.meeting.backend" tests="28" failures="0" timestamp="04 Jun 2019 18:22:18 GMT" time="0.753" errors="0">
  <testcase name="CreateEquals" time="0.017" classname="test.meeting.backend.MeetingServiceTest"/>
  <testcase name="CreateNotEquals" time="0.002" classname="test.meeting.backend.MeetingServiceTest"/>
  <testcase name="CreateNotNull" time="0.002" classname="test.meeting.backend.MeetingServiceTest"/>
  <testcase name="CreateNull" time="0.002" classname="test.meeting.backend.MeetingServiceTest"/>
  <testcase name="DeleteByIdFalse" time="0.002" classname="test.meeting.backend.MeetingServiceTest"/>
  <testcase name="DeleteByIdTrue" time="0.001" classname="test.meeting.backend.MeetingServiceTest"/>
  <testcase name="FindAllEquals" time="0.001" classname="test.meeting.backend.MeetingServiceTest"/>
  <testcase name="FindAllNull" time="0.001" classname="test.meeting.backend.MeetingServiceTest"/>
  <testcase name="FindByHostEquals" time="0.002" classname="test.meeting.backend.MeetingServiceTest"/>
  <testcase name="FindByHostNull" time="0.001" classname="test.meeting.backend.MeetingServiceTest"/>
  <testcase name="FindByIdNotNull" time="0.001" classname="test.meeting.backend.MeetingServiceTest"/>
  <testcase name="FindByIdNull" time="0.001" classname="test.meeting.backend.MeetingServiceTest"/>
  <testcase name="UpdateNotNull" time="0.002" classname="test.meeting.backend.MeetingServiceTest"/>
  <testcase name="UpdateNull" time="0.001" classname="test.meeting.backend.MeetingServiceTest"/>
  <testcase name="CreateEquals" time="0.005" classname="test.meeting.backend.UserServiceTest"/>
  <testcase name="CreateNotEquals" time="0.001" classname="test.meeting.backend.UserServiceTest"/>
  <testcase name="createNotNull" time="0.002" classname="test.meeting.backend.UserServiceTest"/>
  <testcase name="createNull" time="0.001" classname="test.meeting.backend.UserServiceTest"/>
  <testcase name="deleteByIdFalse" time="0.001" classname="test.meeting.backend.UserServiceTest"/>
  <testcase name="deleteByIdTrue" time="0.003" classname="test.meeting.backend.UserServiceTest"/>
  <testcase name="findAllEquals" time="0.009" classname="test.meeting.backend.UserServiceTest"/>
  <testcase name="findAllNull" time="0.002" classname="test.meeting.backend.UserServiceTest"/>
  <testcase name="findByIdNotNull" time="0.002" classname="test.meeting.backend.UserServiceTest"/>
  <testcase name="findByIdNull" time="0.002" classname="test.meeting.backend.UserServiceTest"/>
  <testcase name="loginFalse" time="0.002" classname="test.meeting.backend.UserServiceTest"/>
  <testcase name="loginTrue" time="0.004" classname="test.meeting.backend.UserServiceTest"/>
  <testcase name="updateNotNull" time="0.002" classname="test.meeting.backend.UserServiceTest"/>
  <testcase name="updateNull" time="0.001" classname="test.meeting.backend.UserServiceTest"/>
</testsuite> <!-- test.meeting.backend -->
